20:32:42.339 | INFO | LOGIC | Warming up data feeds...
20:32:42.351 | INFO | HYPERLIQUID.WS | Attempting to start public ws stream...
20:32:46.520 | INFO | HYPERLIQUID.WS | Subscription successful to: trades
20:32:46.520 | INFO | HYPERLIQUID.WS | Subscription successful to: l2Book
20:32:46.521 | INFO | HYPERLIQUID.WS | Subscription successful to: candle
20:32:46.521 | INFO | HYPERLIQUID.WS | Subscription successful to: webData2
20:32:46.524 | INFO | HYPERLIQUID.WS | Subscription successful to: activeAssetCtx
20:32:46.524 | INFO | HYPERLIQUID.WS | Subscription successful to: userFills
20:32:46.524 | INFO | HYPERLIQUID.WS | Subscription successful to: orderUpdates
20:32:46.528 | INFO | hyperliquid.EXCH | Hyperliquid warmup sequence complete.
20:32:47.524 | INFO | LOGIC | Feeds successfully warmed up.
20:32:47.524 | INFO | LOGIC | Attempting to load quote generator: sandbox
20:32:47.525 | INFO | LOGIC | Starting 'sandbox' strategy on WIF...
20:32:47.526 | INFO | LOGIC | monitor task started for hyperliquid
20:32:47.526 | INFO | LOGIC | position executor task started for hyperliquid
20:32:48.279 | INFO | HYPERLIQUID.OMS | sending following orders: [Order(symbol=WIF, side=1, orderType=0, timeInForce=2, price=1.545, size=14.0, orderId=None, clientOrderId=0x00000000000000000000000000989681 (10000001)), Order(symbol=WIF, side=-1, orderType=0, timeInForce=2, price=1.5474, size=14.0, orderId=None, clientOrderId=0xffffffffffffffffffffffffff67697f (-10000001)), Order(symbol=WIF, side=1, orderType=0, timeInForce=2, price=1.5417, size=18.0, orderId=None, clientOrderId=0x00000000000000000000000001312d01 (20000001)), Order(symbol=WIF, side=-1, orderType=0, timeInForce=2, price=1.5507, size=18.0, orderId=None, clientOrderId=0xfffffffffffffffffffffffffeced2ff (-20000001))]
20:32:51.400 | INFO | HYPERLIQUID.OMS | sending following orders: []
20:32:54.402 | INFO | HYPERLIQUID.OMS | sending following orders: []
20:32:57.404 | INFO | HYPERLIQUID.OMS | sending following orders: [Order(symbol=WIF, side=1, orderType=0, timeInForce=2, price=1.5445, size=14.0, orderId=None, clientOrderId=0x00000000000000000000000000989684 (10000004)), Order(symbol=WIF, side=-1, orderType=0, timeInForce=2, price=1.547, size=14.0, orderId=None, clientOrderId=0xffffffffffffffffffffffffff67697c (-10000004))]
20:33:00.571 | INFO | HYPERLIQUID.OMS | sending following orders: [Order(symbol=WIF, side=1, orderType=0, timeInForce=2, price=1.5445, size=14.0, orderId=None, clientOrderId=0x00000000000000000000000000989685 (10000005)), Order(symbol=WIF, side=-1, orderType=0, timeInForce=2, price=1.547, size=14.0, orderId=None, clientOrderId=0xffffffffffffffffffffffffff67697b (-10000005))]
20:33:03.798 | INFO | HYPERLIQUID.OMS | sending following orders: [Order(symbol=WIF, side=1, orderType=0, timeInForce=2, price=1.5447, size=14.0, orderId=None, clientOrderId=0x00000000000000000000000000989686 (10000006))]
20:33:07.029 | INFO | HYPERLIQUID.OMS | sending following orders: [Order(symbol=WIF, side=-1, orderType=0, timeInForce=2, price=1.5472, size=14.0, orderId=None, clientOrderId=0xffffffffffffffffffffffffff676979 (-10000007))]
20:33:10.087 | INFO | HYPERLIQUID.OMS | sending following orders: []
20:33:13.090 | INFO | HYPERLIQUID.OMS | sending following orders: []
20:33:16.093 | INFO | HYPERLIQUID.OMS | sending following orders: [Order(symbol=WIF, side=1, orderType=0, timeInForce=2, price=1.5454, size=14.0, orderId=None, clientOrderId=0x0000000000000000000000000098968a (10000010)), Order(symbol=WIF, side=-1, orderType=0, timeInForce=2, price=1.5479, size=14.0, orderId=None, clientOrderId=0xffffffffffffffffffffffffff676976 (-10000010))]
20:33:19.198 | INFO | HYPERLIQUID.OMS | sending following orders: []
20:33:22.201 | INFO | HYPERLIQUID.OMS | sending following orders: []
20:33:25.203 | INFO | HYPERLIQUID.OMS | sending following orders: [Order(symbol=WIF, side=-1, orderType=0, timeInForce=2, price=1.5477, size=14.0, orderId=None, clientOrderId=0xffffffffffffffffffffffffff676973 (-10000013))]
20:33:28.307 | INFO | HYPERLIQUID.OMS | sending following orders: []
20:33:31.309 | INFO | HYPERLIQUID.OMS | sending following orders: []
20:33:34.312 | INFO | HYPERLIQUID.OMS | sending following orders: [Order(symbol=WIF, side=-1, orderType=0, timeInForce=2, price=1.5479, size=14.0, orderId=None, clientOrderId=0xffffffffffffffffffffffffff676970 (-10000016))]
20:33:37.524 | INFO | HYPERLIQUID.OMS | sending following orders: [Order(symbol=WIF, side=1, orderType=0, timeInForce=2, price=1.5458, size=14.0, orderId=None, clientOrderId=0x00000000000000000000000000989691 (10000017)), Order(symbol=WIF, side=-1, orderType=0, timeInForce=2, price=1.5483, size=14.0, orderId=None, clientOrderId=0xffffffffffffffffffffffffff67696f (-10000017)), Order(symbol=WIF, side=1, orderType=0, timeInForce=2, price=1.5425, size=18.0, orderId=None, clientOrderId=0x00000000000000000000000001312d11 (20000017)), Order(symbol=WIF, side=-1, orderType=0, timeInForce=2, price=1.5516, size=18.0, orderId=None, clientOrderId=0xfffffffffffffffffffffffffeced2ef (-20000017))]
20:33:40.807 | INFO | HYPERLIQUID.OMS | sending following orders: [Order(symbol=WIF, side=1, orderType=0, timeInForce=2, price=1.5462, size=14.0, orderId=None, clientOrderId=0x00000000000000000000000000989692 (10000018)), Order(symbol=WIF, side=-1, orderType=0, timeInForce=2, price=1.5487, size=14.0, orderId=None, clientOrderId=0xffffffffffffffffffffffffff67696e (-10000018))]
20:33:44.047 | INFO | HYPERLIQUID.OMS | sending following orders: [Order(symbol=WIF, side=1, orderType=0, timeInForce=2, price=1.5464, size=14.0, orderId=None, clientOrderId=0x00000000000000000000000000989693 (10000019)), Order(symbol=WIF, side=-1, orderType=0, timeInForce=2, price=1.5489, size=14.0, orderId=None, clientOrderId=0xffffffffffffffffffffffffff67696d (-10000019))]
20:33:47.270 | INFO | HYPERLIQUID.OMS | sending following orders: []
20:33:50.272 | INFO | HYPERLIQUID.OMS | sending following orders: [Order(symbol=WIF, side=1, orderType=0, timeInForce=2, price=1.5432, size=18.0, orderId=None, clientOrderId=0x00000000000000000000000001312d15 (20000021))]
20:33:53.389 | INFO | HYPERLIQUID.OMS | sending following orders: []
20:33:56.392 | INFO | HYPERLIQUID.OMS | sending following orders: [Order(symbol=WIF, side=1, orderType=0, timeInForce=2, price=1.5467, size=14.0, orderId=None, clientOrderId=0x00000000000000000000000000989697 (10000023)), Order(symbol=WIF, side=-1, orderType=0, timeInForce=2, price=1.5491, size=14.0, orderId=None, clientOrderId=0xffffffffffffffffffffffffff676969 (-10000023)), Order(symbol=WIF, side=-1, orderType=0, timeInForce=2, price=1.5524, size=18.0, orderId=None, clientOrderId=0xfffffffffffffffffffffffffeced2e9 (-20000023))]
20:33:59.545 | INFO | HYPERLIQUID.OMS | sending following orders: [Order(symbol=WIF, side=1, orderType=0, timeInForce=2, price=1.5467, size=14.0, orderId=None, clientOrderId=0x00000000000000000000000000989698 (10000024)), Order(symbol=WIF, side=-1, orderType=0, timeInForce=2, price=1.5491, size=14.0, orderId=None, clientOrderId=0xffffffffffffffffffffffffff676968 (-10000024)), Order(symbol=WIF, side=-1, orderType=0, timeInForce=2, price=1.5524, size=18.0, orderId=None, clientOrderId=0xfffffffffffffffffffffffffeced2e8 (-20000024))]
20:34:02.612 | INFO | HYPERLIQUID.OMS | sending following orders: []
20:34:05.615 | INFO | HYPERLIQUID.OMS | sending following orders: [Order(symbol=WIF, side=1, orderType=0, timeInForce=2, price=1.5456, size=14.0, orderId=None, clientOrderId=0x0000000000000000000000000098969a (10000026)), Order(symbol=WIF, side=-1, orderType=0, timeInForce=2, price=1.5481, size=14.0, orderId=None, clientOrderId=0xffffffffffffffffffffffffff676966 (-10000026)), Order(symbol=WIF, side=1, orderType=0, timeInForce=2, price=1.5423, size=18.0, orderId=None, clientOrderId=0x00000000000000000000000001312d1a (20000026)), Order(symbol=WIF, side=-1, orderType=0, timeInForce=2, price=1.5514, size=18.0, orderId=None, clientOrderId=0xfffffffffffffffffffffffffeced2e6 (-20000026))]
20:34:08.859 | INFO | HYPERLIQUID.OMS | sending following orders: []
20:34:11.862 | INFO | HYPERLIQUID.OMS | sending following orders: [Order(symbol=WIF, side=1, orderType=0, timeInForce=2, price=1.5453, size=14.0, orderId=None, clientOrderId=0x0000000000000000000000000098969c (10000028)), Order(symbol=WIF, side=-1, orderType=0, timeInForce=2, price=1.5477, size=14.0, orderId=None, clientOrderId=0xffffffffffffffffffffffffff676964 (-10000028))]
20:34:14.926 | INFO | HYPERLIQUID.OMS | sending following orders: [Order(symbol=WIF, side=1, orderType=0, timeInForce=2, price=1.5457, size=14.0, orderId=None, clientOrderId=0x0000000000000000000000000098969d (10000029)), Order(symbol=WIF, side=-1, orderType=0, timeInForce=2, price=1.5481, size=14.0, orderId=None, clientOrderId=0xffffffffffffffffffffffffff676963 (-10000029))]
20:34:18.157 | INFO | HYPERLIQUID.OMS | sending following orders: []
20:34:21.159 | INFO | HYPERLIQUID.OMS | sending following orders: [Order(symbol=WIF, side=1, orderType=0, timeInForce=2, price=1.5459, size=14.0, orderId=None, clientOrderId=0x0000000000000000000000000098969f (10000031)), Order(symbol=WIF, side=-1, orderType=0, timeInForce=2, price=1.5483, size=14.0, orderId=None, clientOrderId=0xffffffffffffffffffffffffff676961 (-10000031))]
20:34:24.277 | INFO | HYPERLIQUID.OMS | sending following orders: [Order(symbol=WIF, side=1, orderType=0, timeInForce=2, price=1.5466, size=14.0, orderId=None, clientOrderId=0x000000000000000000000000009896a0 (10000032)), Order(symbol=WIF, side=-1, orderType=0, timeInForce=2, price=1.549, size=14.0, orderId=None, clientOrderId=0xffffffffffffffffffffffffff676960 (-10000032)), Order(symbol=WIF, side=1, orderType=0, timeInForce=2, price=1.5433, size=18.0, orderId=None, clientOrderId=0x00000000000000000000000001312d20 (20000032)), Order(symbol=WIF, side=-1, orderType=0, timeInForce=2, price=1.5523, size=18.0, orderId=None, clientOrderId=0xfffffffffffffffffffffffffeced2e0 (-20000032))]
20:34:27.533 | INFO | HYPERLIQUID.OMS | sending following orders: [Order(symbol=WIF, side=1, orderType=0, timeInForce=2, price=1.5472, size=14.0, orderId=None, clientOrderId=0x000000000000000000000000009896a1 (10000033)), Order(symbol=WIF, side=-1, orderType=0, timeInForce=2, price=1.5497, size=14.0, orderId=None, clientOrderId=0xffffffffffffffffffffffffff67695f (-10000033)), Order(symbol=WIF, side=-1, orderType=0, timeInForce=2, price=1.553, size=18.0, orderId=None, clientOrderId=0xfffffffffffffffffffffffffeced2df (-20000033))]
20:34:30.731 | INFO | HYPERLIQUID.OMS | sending following orders: [Order(symbol=WIF, side=1, orderType=0, timeInForce=2, price=1.5464, size=14.0, orderId=None, clientOrderId=0x000000000000000000000000009896a2 (10000034)), Order(symbol=WIF, side=-1, orderType=0, timeInForce=2, price=1.5489, size=14.0, orderId=None, clientOrderId=0xffffffffffffffffffffffffff67695e (-10000034)), Order(symbol=WIF, side=-1, orderType=0, timeInForce=2, price=1.5522, size=18.0, orderId=None, clientOrderId=0xfffffffffffffffffffffffffeced2de (-20000034))]
20:34:33.975 | INFO | HYPERLIQUID.OMS | sending following orders: [Order(symbol=WIF, side=1, orderType=0, timeInForce=2, price=1.5465, size=14.0, orderId=None, clientOrderId=0x000000000000000000000000009896a3 (10000035)), Order(symbol=WIF, side=-1, orderType=0, timeInForce=2, price=1.549, size=14.0, orderId=None, clientOrderId=0xffffffffffffffffffffffffff67695d (-10000035)), Order(symbol=WIF, side=-1, orderType=0, timeInForce=2, price=1.5523, size=18.0, orderId=None, clientOrderId=0xfffffffffffffffffffffffffeced2dd (-20000035))]
20:34:37.201 | INFO | HYPERLIQUID.OMS | sending following orders: [Order(symbol=WIF, side=1, orderType=0, timeInForce=2, price=1.5463, size=14.0, orderId=None, clientOrderId=0x000000000000000000000000009896a4 (10000036)), Order(symbol=WIF, side=-1, orderType=0, timeInForce=2, price=1.5487, size=14.0, orderId=None, clientOrderId=0xffffffffffffffffffffffffff67695c (-10000036))]
20:34:40.252 | INFO | HYPERLIQUID.OMS | sending following orders: []
20:34:43.254 | INFO | HYPERLIQUID.OMS | sending following orders: [Order(symbol=WIF, side=1, orderType=0, timeInForce=2, price=1.546, size=14.0, orderId=None, clientOrderId=0x000000000000000000000000009896a6 (10000038)), Order(symbol=WIF, side=-1, orderType=0, timeInForce=2, price=1.5484, size=14.0, orderId=None, clientOrderId=0xffffffffffffffffffffffffff67695a (-10000038))]
20:34:46.355 | INFO | HYPERLIQUID.OMS | sending following orders: [Order(symbol=WIF, side=1, orderType=0, timeInForce=2, price=1.5426, size=18.0, orderId=None, clientOrderId=0x00000000000000000000000001312d27 (20000039)), Order(symbol=WIF, side=-1, orderType=0, timeInForce=2, price=1.5516, size=18.0, orderId=None, clientOrderId=0xfffffffffffffffffffffffffeced2d9 (-20000039))]
20:34:49.562 | INFO | HYPERLIQUID.OMS | sending following orders: [Order(symbol=WIF, side=1, orderType=0, timeInForce=2, price=1.5463, size=14.0, orderId=None, clientOrderId=0x000000000000000000000000009896a8 (10000040)), Order(symbol=WIF, side=-1, orderType=0, timeInForce=2, price=1.5488, size=14.0, orderId=None, clientOrderId=0xffffffffffffffffffffffffff676958 (-10000040))]
20:34:52.641 | INFO | HYPERLIQUID.OMS | sending following orders: [Order(symbol=WIF, side=1, orderType=0, timeInForce=2, price=1.5466, size=14.0, orderId=None, clientOrderId=0x000000000000000000000000009896a9 (10000041)), Order(symbol=WIF, side=-1, orderType=0, timeInForce=2, price=1.5491, size=14.0, orderId=None, clientOrderId=0xffffffffffffffffffffffffff676957 (-10000041)), Order(symbol=WIF, side=1, orderType=0, timeInForce=2, price=1.5433, size=18.0, orderId=None, clientOrderId=0x00000000000000000000000001312d29 (20000041)), Order(symbol=WIF, side=-1, orderType=0, timeInForce=2, price=1.5524, size=18.0, orderId=None, clientOrderId=0xfffffffffffffffffffffffffeced2d7 (-20000041))]
20:34:56.022 | INFO | HYPERLIQUID.OMS | sending following orders: [Order(symbol=WIF, side=-1, orderType=0, timeInForce=2, price=1.5489, size=14.0, orderId=None, clientOrderId=0xffffffffffffffffffffffffff676956 (-10000042)), Order(symbol=WIF, side=-1, orderType=0, timeInForce=2, price=1.5522, size=18.0, orderId=None, clientOrderId=0xfffffffffffffffffffffffffeced2d6 (-20000042))]
20:34:56.104 | INFO | HYPERLIQUID.OMS | error with order Order: symbol=WIF, side=-1, orderType=0, timeInForce=2, price=1.5522, size=18.0, orderId=None, clientOrderId=0xfffffffffffffffffffffffffeced2d6 (-20000042): (False, {'error': 'Insufficient margin to place order. asset=98'})
20:34:59.106 | INFO | HYPERLIQUID.OMS | sending following orders: [Order(symbol=WIF, side=1, orderType=0, timeInForce=2, price=1.5461, size=14.0, orderId=None, clientOrderId=0x000000000000000000000000009896ab (10000043)), Order(symbol=WIF, side=-1, orderType=0, timeInForce=2, price=1.5486, size=14.0, orderId=None, clientOrderId=0xffffffffffffffffffffffffff676955 (-10000043)), Order(symbol=WIF, side=-1, orderType=0, timeInForce=2, price=1.5519, size=18.0, orderId=None, clientOrderId=0xfffffffffffffffffffffffffeced2d5 (-20000043))]
20:35:02.339 | INFO | HYPERLIQUID.OMS | sending following orders: [Order(symbol=WIF, side=-1, orderType=0, timeInForce=2, price=1.5519, size=18.0, orderId=None, clientOrderId=0xfffffffffffffffffffffffffeced2d4 (-20000044))]
20:35:05.408 | INFO | HYPERLIQUID.OMS | sending following orders: [Order(symbol=WIF, side=1, orderType=0, timeInForce=2, price=1.5465, size=14.0, orderId=None, clientOrderId=0x000000000000000000000000009896ad (10000045)), Order(symbol=WIF, side=-1, orderType=0, timeInForce=2, price=1.5489, size=14.0, orderId=None, clientOrderId=0xffffffffffffffffffffffffff676953 (-10000045))]
20:35:08.641 | INFO | HYPERLIQUID.OMS | sending following orders: []
20:35:11.643 | INFO | HYPERLIQUID.OMS | sending following orders: [Order(symbol=WIF, side=1, orderType=0, timeInForce=2, price=1.5472, size=14.0, orderId=None, clientOrderId=0x000000000000000000000000009896af (10000047)), Order(symbol=WIF, side=-1, orderType=0, timeInForce=2, price=1.5497, size=14.0, orderId=None, clientOrderId=0xffffffffffffffffffffffffff676951 (-10000047)), Order(symbol=WIF, side=-1, orderType=0, timeInForce=2, price=1.553, size=18.0, orderId=None, clientOrderId=0xfffffffffffffffffffffffffeced2d1 (-20000047))]
20:35:14.753 | INFO | HYPERLIQUID.OMS | sending following orders: [Order(symbol=WIF, side=1, orderType=0, timeInForce=2, price=1.5476, size=14.0, orderId=None, clientOrderId=0x000000000000000000000000009896b0 (10000048)), Order(symbol=WIF, side=-1, orderType=0, timeInForce=2, price=1.5501, size=14.0, orderId=None, clientOrderId=0xffffffffffffffffffffffffff676950 (-10000048)), Order(symbol=WIF, side=1, orderType=0, timeInForce=2, price=1.5443, size=18.0, orderId=None, clientOrderId=0x00000000000000000000000001312d30 (20000048))]
20:35:17.993 | INFO | HYPERLIQUID.OMS | sending following orders: [Order(symbol=WIF, side=1, orderType=0, timeInForce=2, price=1.548, size=14.0, orderId=None, clientOrderId=0x000000000000000000000000009896b1 (10000049)), Order(symbol=WIF, side=-1, orderType=0, timeInForce=2, price=1.5505, size=14.0, orderId=None, clientOrderId=0xffffffffffffffffffffffffff67694f (-10000049)), Order(symbol=WIF, side=-1, orderType=0, timeInForce=2, price=1.5538, size=18.0, orderId=None, clientOrderId=0xfffffffffffffffffffffffffeced2cf (-20000049))]
20:35:21.204 | INFO | HYPERLIQUID.OMS | sending following orders: [Order(symbol=WIF, side=1, orderType=0, timeInForce=2, price=1.548, size=14.0, orderId=None, clientOrderId=0x000000000000000000000000009896b2 (10000050)), Order(symbol=WIF, side=-1, orderType=0, timeInForce=2, price=1.5538, size=18.0, orderId=None, clientOrderId=0xfffffffffffffffffffffffffeced2ce (-20000050))]
20:35:24.431 | INFO | HYPERLIQUID.OMS | sending following orders: [Order(symbol=WIF, side=1, orderType=0, timeInForce=2, price=1.5487, size=14.0, orderId=None, clientOrderId=0x000000000000000000000000009896b3 (10000051)), Order(symbol=WIF, side=-1, orderType=0, timeInForce=2, price=1.5512, size=14.0, orderId=None, clientOrderId=0xffffffffffffffffffffffffff67694d (-10000051)), Order(symbol=WIF, side=1, orderType=0, timeInForce=2, price=1.5454, size=18.0, orderId=None, clientOrderId=0x00000000000000000000000001312d33 (20000051)), Order(symbol=WIF, side=-1, orderType=0, timeInForce=2, price=1.5545, size=18.0, orderId=None, clientOrderId=0xfffffffffffffffffffffffffeced2cd (-20000051))]
20:35:27.680 | INFO | HYPERLIQUID.OMS | sending following orders: [Order(symbol=WIF, side=1, orderType=0, timeInForce=2, price=1.5489, size=14.0, orderId=None, clientOrderId=0x000000000000000000000000009896b4 (10000052)), Order(symbol=WIF, side=1, orderType=0, timeInForce=2, price=1.5455, size=18.0, orderId=None, clientOrderId=0x00000000000000000000000001312d34 (20000052)), Order(symbol=WIF, side=-1, orderType=0, timeInForce=2, price=1.5547, size=18.0, orderId=None, clientOrderId=0xfffffffffffffffffffffffffeced2cc (-20000052))]
20:35:30.910 | INFO | HYPERLIQUID.OMS | sending following orders: []
20:35:33.912 | INFO | HYPERLIQUID.OMS | sending following orders: [Order(symbol=WIF, side=1, orderType=0, timeInForce=2, price=1.5493, size=14.0, orderId=None, clientOrderId=0x000000000000000000000000009896b6 (10000054)), Order(symbol=WIF, side=-1, orderType=0, timeInForce=2, price=1.5518, size=14.0, orderId=None, clientOrderId=0xffffffffffffffffffffffffff67694a (-10000054))]
20:35:37.172 | INFO | HYPERLIQUID.OMS | sending following orders: []
20:35:40.176 | INFO | HYPERLIQUID.OMS | sending following orders: []
20:35:43.178 | INFO | HYPERLIQUID.OMS | sending following orders: [Order(symbol=WIF, side=1, orderType=0, timeInForce=2, price=1.5487, size=14.0, orderId=None, clientOrderId=0x000000000000000000000000009896b9 (10000057)), Order(symbol=WIF, side=-1, orderType=0, timeInForce=2, price=1.5512, size=14.0, orderId=None, clientOrderId=0xffffffffffffffffffffffffff676947 (-10000057))]
20:35:46.301 | INFO | HYPERLIQUID.OMS | sending following orders: [Order(symbol=WIF, side=1, orderType=0, timeInForce=2, price=1.5482, size=14.0, orderId=None, clientOrderId=0x000000000000000000000000009896ba (10000058)), Order(symbol=WIF, side=-1, orderType=0, timeInForce=2, price=1.5507, size=14.0, orderId=None, clientOrderId=0xffffffffffffffffffffffffff676946 (-10000058)), Order(symbol=WIF, side=-1, orderType=0, timeInForce=2, price=1.554, size=18.0, orderId=None, clientOrderId=0xfffffffffffffffffffffffffeced2c6 (-20000058))]
20:35:49.512 | INFO | HYPERLIQUID.OMS | sending following orders: [Order(symbol=WIF, side=1, orderType=0, timeInForce=2, price=1.5478, size=14.0, orderId=None, clientOrderId=0x000000000000000000000000009896bb (10000059)), Order(symbol=WIF, side=-1, orderType=0, timeInForce=2, price=1.5503, size=14.0, orderId=None, clientOrderId=0xffffffffffffffffffffffffff676945 (-10000059)), Order(symbol=WIF, side=1, orderType=0, timeInForce=2, price=1.5445, size=18.0, orderId=None, clientOrderId=0x00000000000000000000000001312d3b (20000059)), Order(symbol=WIF, side=-1, orderType=0, timeInForce=2, price=1.5536, size=18.0, orderId=None, clientOrderId=0xfffffffffffffffffffffffffeced2c5 (-20000059))]
20:35:52.706 | INFO | HYPERLIQUID.OMS | sending following orders: [Order(symbol=WIF, side=1, orderType=0, timeInForce=2, price=1.5445, size=18.0, orderId=None, clientOrderId=0x00000000000000000000000001312d3c (20000060))]
20:35:55.927 | INFO | HYPERLIQUID.OMS | sending following orders: []
20:35:58.930 | INFO | HYPERLIQUID.OMS | sending following orders: []
20:36:01.932 | INFO | HYPERLIQUID.OMS | sending following orders: []
20:36:02.122 | CRITICAL | MM | Process manually interupted by user...
20:36:02.122 | CRITICAL | MM | Starting shutdown sequence...
20:36:02.337 | INFO | hyperliquid.EXCH | Shutdown sequence complete.
20:36:02.338 | INFO | MM | Goodnight...
